0 info it worked if it ends with ok
1 verbose cli [ 'C:\\Program Files\\nodejs\\node.exe',
1 verbose cli   'C:\\Program Files\\nodejs\\node_modules\\npm\\bin\\npm-cli.js',
<<<<<<< HEAD
1 verbose cli   'start' ]
2 info using npm@2.14.7
3 info using node@v4.2.1
4 verbose config Skipping project config: C:\Users\Madushika Perera/.npmrc. (matches userconfig)
5 verbose stack Error: ENOENT: no such file or directory, open 'C:\Users\Madushika Perera\package.json'
5 verbose stack     at Error (native)
6 verbose cwd C:\Users\Madushika Perera\Desktop\SEP_Project\Coupley
7 error Windows_NT 6.3.9600
8 error argv "C:\\Program Files\\nodejs\\node.exe" "C:\\Program Files\\nodejs\\node_modules\\npm\\bin\\npm-cli.js" "start"
9 error node v4.2.1
10 error npm  v2.14.7
11 error path C:\Users\Madushika Perera\package.json
12 error code ENOENT
13 error errno -4058
14 error syscall open
15 error enoent ENOENT: no such file or directory, open 'C:\Users\Madushika Perera\package.json'
15 error enoent This is most likely not a problem with npm itself
15 error enoent and is related to npm not being able to find a file.
16 verbose exit [ -4058, true ]
=======
1 verbose cli   'prefix',
1 verbose cli   '-g' ]
2 info using npm@2.14.4
3 info using node@v4.1.2
4 verbose stack Error: write EPIPE
4 verbose stack     at exports._errnoException (util.js:849:11)
4 verbose stack     at Socket._writeGeneric (net.js:675:26)
4 verbose stack     at Socket._write (net.js:694:8)
4 verbose stack     at doWrite (_stream_writable.js:292:12)
4 verbose stack     at writeOrBuffer (_stream_writable.js:278:5)
4 verbose stack     at Socket.Writable.write (_stream_writable.js:207:11)
4 verbose stack     at Socket.write (net.js:618:40)
4 verbose stack     at Console.log (console.js:36:16)
4 verbose stack     at EventEmitter.prefix (C:\Program Files\nodejs\node_modules\npm\lib\prefix.js:9:24)
4 verbose stack     at Object.commandCache.(anonymous function) (C:\Program Files\nodejs\node_modules\npm\lib\npm.js:220:11)
5 verbose cwd F:\Coupley
6 error Windows_NT 10.0.10240
7 error argv "C:\\Program Files\\nodejs\\node.exe" "C:\\Program Files\\nodejs\\node_modules\\npm\\bin\\npm-cli.js" "prefix" "-g"
8 error node v4.1.2
9 error npm  v2.14.4
10 error code EPIPE
11 error errno EPIPE
12 error syscall write
13 error write EPIPE
14 error If you need help, you may report this error at:
14 error     <https://github.com/npm/npm/issues>
15 verbose exit [ 1, true ]
>>>>>>> 70cd792c301ea02367de3649edf37aca3e436678
